TN:
SF:src\audit\audit.module.ts
FNF:0
FNH:0
DA:1,0
DA:2,0
DA:3,0
DA:11,0
LF:4
LH:0
BRF:0
BRH:0
end_of_record
TN:
SF:src\audit\audit.resolver.ts
FN:10,(anonymous_4)
FN:14,(anonymous_5)
FN:24,(anonymous_6)
FN:12,(anonymous_7)
FN:15,(anonymous_8)
FN:16,(anonymous_9)
FN:22,(anonymous_10)
FN:25,(anonymous_11)
FN:8,(anonymous_12)
FNF:9
FNH:4
FNDA:8,(anonymous_4)
FNDA:3,(anonymous_5)
FNDA:3,(anonymous_6)
FNDA:0,(anonymous_7)
FNDA:0,(anonymous_8)
FNDA:0,(anonymous_9)
FNDA:0,(anonymous_10)
FNDA:0,(anonymous_11)
FNDA:2,(anonymous_12)
DA:1,1
DA:2,1
DA:3,1
DA:4,1
DA:5,1
DA:6,1
DA:8,2
DA:9,1
DA:10,8
DA:12,0
DA:14,1
DA:15,0
DA:16,0
DA:18,3
DA:22,0
DA:24,1
DA:25,0
DA:27,3
LF:18
LH:13
BRDA:18,0,0,3
BRDA:18,0,1,1
BRDA:18,1,0,3
BRDA:18,1,1,1
BRF:4
BRH:4
end_of_record
TN:
SF:src\audit\audit.service.ts
FN:12,(anonymous_2)
FN:14,(anonymous_3)
FN:31,(anonymous_4)
FN:34,(anonymous_5)
FN:43,(anonymous_6)
FNF:5
FNH:0
FNDA:0,(anonymous_2)
FNDA:0,(anonymous_3)
FNDA:0,(anonymous_4)
FNDA:0,(anonymous_5)
FNDA:0,(anonymous_6)
DA:1,1
DA:2,1
DA:9,1
DA:10,0
DA:12,0
DA:21,0
DA:31,0
DA:35,0
DA:44,0
DA:45,0
DA:48,0
LF:11
LH:3
BRDA:24,0,0,0
BRDA:24,0,1,0
BRDA:28,1,0,0
BRDA:28,1,1,0
BRDA:34,2,0,0
BRDA:34,3,0,0
BRDA:44,4,0,0
BRDA:44,4,1,0
BRF:8
BRH:0
end_of_record
TN:
SF:src\common\pin.util.ts
FN:11,hashPin
FN:18,verifyPin
FNF:2
FNH:2
FNDA:7,hashPin
FNDA:10,verifyPin
DA:1,1
DA:4,1
DA:11,1
DA:12,7
DA:13,7
DA:14,7
DA:18,1
DA:19,10
DA:20,7
DA:21,7
DA:22,4
DA:23,4
DA:24,4
LF:13
LH:13
BRDA:19,0,0,3
BRDA:19,0,1,7
BRDA:21,1,0,3
BRDA:21,1,1,4
BRDA:21,2,0,7
BRDA:21,2,1,6
BRDA:24,3,0,4
BRDA:24,3,1,4
BRF:8
BRH:8
end_of_record
TN:
SF:src\common\plan-limits.ts
FN:17,activePlan
FNF:1
FNH:1
FNDA:7,activePlan
DA:1,1
DA:3,1
DA:10,1
DA:14,1
DA:17,1
DA:20,7
DA:21,6
DA:22,5
DA:23,2
DA:25,3
LF:10
LH:10
BRDA:20,0,0,1
BRDA:20,0,1,6
BRDA:21,1,0,1
BRDA:21,1,1,5
BRDA:22,2,0,2
BRDA:22,2,1,3
BRDA:22,3,0,5
BRDA:22,3,1,4
BRF:8
BRH:8
end_of_record
TN:
SF:src\common\filters\graphql-exception.filter.ts
FN:11,(anonymous_1)
FNF:1
FNH:0
FNDA:0,(anonymous_1)
DA:1,0
DA:2,0
DA:3,0
DA:10,0
DA:12,0
DA:13,0
LF:6
LH:0
BRF:0
BRH:0
end_of_record
TN:
SF:src\common\filters\prisma-exception.filter.ts
FN:23,(anonymous_1)
FN:43,(anonymous_2)
FNF:2
FNH:0
FNDA:0,(anonymous_1)
FNDA:0,(anonymous_2)
DA:1,0
DA:10,0
DA:11,0
DA:22,0
DA:29,0
DA:36,0
DA:37,0
DA:38,0
DA:40,0
DA:48,0
DA:49,0
DA:54,0
DA:57,0
DA:58,0
DA:59,0
DA:67,0
DA:70,0
DA:75,0
DA:79,0
LF:19
LH:0
BRDA:36,0,0,0
BRDA:36,0,1,0
BRDA:48,1,0,0
BRDA:48,1,1,0
BRDA:54,2,0,0
BRDA:54,2,1,0
BRDA:54,2,2,0
BRDA:54,2,3,0
BRDA:54,2,4,0
BRDA:58,3,0,0
BRDA:58,3,1,0
BRDA:60,4,0,0
BRDA:60,4,1,0
BRF:13
BRH:0
end_of_record
TN:
SF:src\upload\storage.service.ts
FN:31,(anonymous_2)
FN:62,(anonymous_3)
FN:88,(anonymous_4)
FN:117,(anonymous_5)
FN:147,(anonymous_6)
FN:148,(anonymous_7)
FN:155,(anonymous_8)
FN:173,(anonymous_9)
FN:191,(anonymous_10)
FN:205,(anonymous_11)
FNF:10
FNH:4
FNDA:5,(anonymous_2)
FNDA:0,(anonymous_3)
FNDA:0,(anonymous_4)
FNDA:9,(anonymous_5)
FNDA:0,(anonymous_6)
FNDA:0,(anonymous_7)
FNDA:0,(anonymous_8)
FNDA:0,(anonymous_9)
FNDA:7,(anonymous_10)
FNDA:5,(anonymous_11)
DA:1,1
DA:2,1
DA:3,1
DA:4,1
DA:5,1
DA:13,1
DA:15,1
DA:16,1
DA:25,1
DA:26,5
DA:31,5
DA:32,5
DA:33,5
DA:34,5
DA:35,5
DA:36,5
DA:38,5
DA:39,1
DA:45,1
DA:50,1
DA:51,1
DA:55,4
DA:67,0
DA:68,0
DA:70,0
DA:80,0
DA:98,0
DA:99,0
DA:101,0
DA:108,0
DA:109,0
DA:118,9
DA:121,6
DA:122,5
DA:123,5
DA:124,3
DA:125,3
DA:127,3
DA:128,0
DA:130,0
DA:134,1
DA:135,1
DA:136,0
DA:137,0
DA:141,0
DA:148,0
DA:156,0
DA:157,0
DA:159,0
DA:160,0
DA:167,0
DA:168,0
DA:170,0
DA:174,0
DA:175,0
DA:176,0
DA:180,0
DA:192,7
DA:193,5
DA:194,2
DA:196,2
DA:197,1
DA:206,5
DA:207,5
DA:208,5
DA:209,5
DA:210,3
DA:211,3
DA:212,3
LF:69
LH:43
BRDA:38,0,0,1
BRDA:38,0,1,4
BRDA:38,1,0,5
BRDA:38,1,1,1
BRDA:38,1,2,1
BRDA:38,1,3,1
BRDA:38,1,4,1
BRDA:51,2,0,1
BRDA:51,2,1,0
BRDA:67,3,0,0
BRDA:67,3,1,0
BRDA:67,4,0,0
BRDA:67,4,1,0
BRDA:91,5,0,0
BRDA:98,6,0,0
BRDA:98,6,1,0
BRDA:98,7,0,0
BRDA:98,7,1,0
BRDA:118,8,0,3
BRDA:118,8,1,6
BRDA:121,9,0,5
BRDA:121,9,1,1
BRDA:123,10,0,2
BRDA:123,10,1,3
BRDA:127,11,0,3
BRDA:127,11,1,0
BRDA:128,12,0,0
BRDA:128,12,1,0
BRDA:135,13,0,1
BRDA:135,13,1,0
BRDA:135,14,0,1
BRDA:135,14,1,0
BRDA:135,14,2,0
BRDA:142,15,0,0
BRDA:142,15,1,0
BRDA:155,16,0,0
BRDA:156,17,0,0
BRDA:156,17,1,0
BRDA:156,18,0,0
BRDA:156,18,1,0
BRDA:167,19,0,0
BRDA:167,19,1,0
BRDA:168,20,0,0
BRDA:168,20,1,0
BRDA:174,21,0,0
BRDA:174,21,1,0
BRDA:174,22,0,0
BRDA:174,22,1,0
BRDA:181,23,0,0
BRDA:181,23,1,0
BRDA:192,24,0,2
BRDA:192,24,1,5
BRDA:193,25,0,3
BRDA:193,25,1,2
BRDA:196,26,0,1
BRDA:196,26,1,1
BRDA:196,27,0,2
BRDA:196,27,1,2
BRDA:206,28,0,0
BRDA:206,28,1,5
BRDA:206,29,0,5
BRDA:206,29,1,5
BRDA:207,30,0,0
BRDA:207,30,1,5
BRDA:209,31,0,2
BRDA:209,31,1,3
BRDA:209,32,0,5
BRDA:209,32,1,5
BRDA:209,32,2,4
BRDA:211,33,0,0
BRDA:211,33,1,3
BRF:71
BRH:35
end_of_record
